[2021-05-25T14:53:42.687] [DEBUG] cheese - login => username:admin,password:123456
[2021-05-25T14:53:42.688] [DEBUG] cheese - admin
[2021-05-25T14:53:42.703] [DEBUG] cheese - null
[2021-05-25T14:53:42.703] [DEBUG] cheese - null
[2022-12-17T20:39:53.697] [DEBUG] cheese - login => username:zs,password:123
[2022-12-17T20:39:53.699] [DEBUG] cheese - zs
[2022-12-17T20:41:02.930] [DEBUG] cheese - login => username:zs,password:123456
[2022-12-17T20:41:02.930] [DEBUG] cheese - zs
[2022-12-17T20:41:02.936] [DEBUG] cheese - null
[2022-12-17T20:41:02.937] [DEBUG] cheese - null
[2022-12-17T20:41:02.939] [DEBUG] cheese - null
[2022-12-17T20:41:02.940] [DEBUG] cheese - null
[2022-12-17T20:41:29.007] [DEBUG] cheese - login => username:admin,password:123456
[2022-12-17T20:41:29.007] [DEBUG] cheese - admin
[2022-12-17T20:41:29.011] [DEBUG] cheese - null
[2022-12-17T20:41:29.011] [DEBUG] cheese - null
[2022-12-17T23:59:05.375] [DEBUG] cheese - login => username:www,password:aaaaaaaaa
[2022-12-17T23:59:05.376] [DEBUG] cheese - www
[2022-12-17T23:59:05.381] [DEBUG] cheese - null
[2022-12-17T23:59:05.381] [DEBUG] cheese - null
[2022-12-18T00:00:46.238] [DEBUG] cheese - login => username:www,password:asdsad
[2022-12-18T00:00:46.238] [DEBUG] cheese - www
[2022-12-18T00:00:46.240] [DEBUG] cheese - null
[2022-12-18T00:00:46.240] [DEBUG] cheese - null
[2022-12-18T00:02:43.010] [DEBUG] cheese - login => username:ddd,password:dsadsd
[2022-12-18T00:02:43.010] [DEBUG] cheese - ddd
[2022-12-18T00:02:43.012] [DEBUG] cheese - null
[2022-12-18T00:02:43.012] [DEBUG] cheese - null
[2022-12-18T00:03:48.044] [DEBUG] cheese - login => username:wdsd,password:dasfaf
[2022-12-18T00:03:48.044] [DEBUG] cheese - wdsd
[2022-12-18T00:03:48.045] [DEBUG] cheese - null
[2022-12-18T00:03:48.045] [DEBUG] cheese - null
